#
# There is insufficient memory for the Java Runtime Environment to continue.
# Native memory allocation (mmap) failed to map 121634816 bytes for G1 virtual space
# Possible reasons:
#   The system is out of physical RAM or swap space
#   The process is running with CompressedOops enabled, and the Java Heap may be blocking the growth of the native heap
# Possible solutions:
#   Reduce memory load on the system
#   Increase physical memory or swap space
#   Check if swap backing store is full
#   Decrease Java heap size (-Xmx/-Xms)
#   Decrease number of Java threads
#   Decrease Java thread stack sizes (-Xss)
#   Set larger code cache with -XX:ReservedCodeCacheSize=
#   JVM is running with Unscaled Compressed Oops mode in which the Java heap is
#     placed in the first 4GB address space. The Java Heap base address is the
#     maximum limit for the native heap growth. Please use -XX:HeapBaseMinAddress
#     to set the Java Heap base and to place the Java Heap above 4GB virtual address.
# This output file may be truncated or incomplete.
#
#  Out of Memory Error (os_windows.cpp:3466), pid=16260, tid=19416
#
# JRE version: Java(TM) SE Runtime Environment (16.0.2+7) (build 16.0.2+7-67)
# Java VM: Java HotSpot(TM) 64-Bit Server VM (16.0.2+7-67, mixed mode, sharing, tiered, compressed oops, compressed class ptrs, g1 gc, windows-amd64)
# No core dump will be written. Minidumps are not enabled by default on client versions of Windows
#

---------------  S U M M A R Y ------------

Command Line: -Dclassworlds.conf=C:\Program Files\apache-maven-3.8.1\bin\..\bin\m2.conf -Dmaven.home=C:\Program Files\apache-maven-3.8.1\bin\.. -Dlibrary.jansi.path=C:\Program Files\apache-maven-3.8.1\bin\..\lib\jansi-native -Dmaven.multiModuleProjectDirectory=C:\Users\LENOVO\OneDrive\Documentos\Curso MINTIC\Ciclo 4 Dev Web\Proyecto E-Commerce\Ms2-Products\DW3_GRUPO4_ECOMMERCE_MS_2 org.codehaus.plexus.classworlds.launcher.Launcher spring-boot:run

Host: AMD Ryzen 5 3500U with Radeon Vega Mobile Gfx  , 8 cores, 5G,  Windows 10 , 64 bit Build 19041 (10.0.19041.1151)
Time: Sat Aug 21 18:38:14 2021 Hora est. Pacífico, Sudamérica elapsed time: 10.387209 seconds (0d 0h 0m 10s)

---------------  T H R E A D  ---------------

Current thread (0x000002af27646900):  VMThread "VM Thread" [stack: 0x000000feb3b00000,0x000000feb3c00000] [id=19416]

Stack: [0x000000feb3b00000,0x000000feb3c00000]
Native frames: (J=compiled Java code, j=interpreted, Vv=VM code, C=native code)
V  [jvm.dll+0x6681ca]
V  [jvm.dll+0x7c9e69]
V  [jvm.dll+0x7cb61e]
V  [jvm.dll+0x7cbc73]
V  [jvm.dll+0x242c55]
V  [jvm.dll+0x664f89]
V  [jvm.dll+0x659b75]
V  [jvm.dll+0x2fbfbb]
V  [jvm.dll+0x3031b6]
V  [jvm.dll+0x35299e]
V  [jvm.dll+0x352bcf]
V  [jvm.dll+0x2d3028]
V  [jvm.dll+0x2d0bb5]
V  [jvm.dll+0x2d01ec]
V  [jvm.dll+0x3152d2]
V  [jvm.dll+0x7d00ab]
V  [jvm.dll+0x7d0da4]
V  [jvm.dll+0x7d12a9]
V  [jvm.dll+0x7d1564]
V  [jvm.dll+0x7d1630]
V  [jvm.dll+0x7795aa]
V  [jvm.dll+0x667066]
C  [ucrtbase.dll+0x21bb2]
C  [KERNEL32.DLL+0x17034]
C  [ntdll.dll+0x52651]

VM_Operation (0x000000feb35fc3a0): G1CollectForAllocation, mode: safepoint, requested by thread 0x000002af089c9f90


---------------  P R O C E S S  ---------------

Threads class SMR info:
_java_thread_list=0x000002af281d20a0, length=12, elements={
0x000002af089c9f90, 0x000002af2764d390, 0x000002af2764e800, 0x000002af2765fe50,
0x000002af27662770, 0x000002af27664120, 0x000002af27675160, 0x000002af27695ab0,
0x000002af276961b0, 0x000002af27696800, 0x000002af281f1000, 0x000002af281fc200
}

Java Threads: ( => current thread )
  0x000002af089c9f90 JavaThread "main" [_thread_blocked, id=23840, stack(0x000000feb3500000,0x000000feb3600000)]
  0x000002af2764d390 JavaThread "Reference Handler" daemon [_thread_blocked, id=18752, stack(0x000000feb3c00000,0x000000feb3d00000)]
  0x000002af2764e800 JavaThread "Finalizer" daemon [_thread_blocked, id=15252, stack(0x000000feb3d00000,0x000000feb3e00000)]
  0x000002af2765fe50 JavaThread "Signal Dispatcher" daemon [_thread_blocked, id=10432, stack(0x000000feb3e00000,0x000000feb3f00000)]
  0x000002af27662770 JavaThread "Attach Listener" daemon [_thread_blocked, id=25120, stack(0x000000feb3f00000,0x000000feb4000000)]
  0x000002af27664120 JavaThread "Service Thread" daemon [_thread_blocked, id=7064, stack(0x000000feb4000000,0x000000feb4100000)]
  0x000002af27675160 JavaThread "Monitor Deflation Thread" daemon [_thread_blocked, id=24968, stack(0x000000feb4100000,0x000000feb4200000)]
  0x000002af27695ab0 JavaThread "C2 CompilerThread0" daemon [_thread_blocked, id=5868, stack(0x000000feb4200000,0x000000feb4300000)]
  0x000002af276961b0 JavaThread "C1 CompilerThread0" daemon [_thread_blocked, id=23964, stack(0x000000feb4300000,0x000000feb4400000)]
  0x000002af27696800 JavaThread "Sweeper thread" daemon [_thread_blocked, id=19196, stack(0x000000feb4400000,0x000000feb4500000)]
  0x000002af281f1000 JavaThread "Notification Thread" daemon [_thread_blocked, id=17968, stack(0x000000feb4500000,0x000000feb4600000)]
  0x000002af281fc200 JavaThread "Common-Cleaner" daemon [_thread_blocked, id=20516, stack(0x000000feb4700000,0x000000feb4800000)]

Other Threads:
=>0x000002af27646900 VMThread "VM Thread" [stack: 0x000000feb3b00000,0x000000feb3c00000] [id=19416]
  0x000002af281f9d60 WatcherThread [stack: 0x000000feb4600000,0x000000feb4700000] [id=5824]
  0x000002af08a02570 GCTaskThread "GC Thread#0" [stack: 0x000000feb3600000,0x000000feb3700000] [id=12924]
  0x000002af282cf670 GCTaskThread "GC Thread#1" [stack: 0x000000feb4800000,0x000000feb4900000] [id=22556]
  0x000002af289fa470 GCTaskThread "GC Thread#2" [stack: 0x000000feb4900000,0x000000feb4a00000] [id=23576]
  0x000002af28a5b030 GCTaskThread "GC Thread#3" [stack: 0x000000feb4a00000,0x000000feb4b00000] [id=23536]
  0x000002af28a5b340 GCTaskThread "GC Thread#4" [stack: 0x000000feb4b00000,0x000000feb4c00000] [id=2300]
  0x000002af288ad310 GCTaskThread "GC Thread#5" [stack: 0x000000feb4c00000,0x000000feb4d00000] [id=3120]
  0x000002af289f8480 GCTaskThread "GC Thread#6" [stack: 0x000000feb4d00000,0x000000feb4e00000] [id=23020]
  0x000002af28b874e0 GCTaskThread "GC Thread#7" [stack: 0x000000feb4e00000,0x000000feb4f00000] [id=15408]
  0x000002af08a10ca0 ConcurrentGCThread "G1 Main Marker" [stack: 0x000000feb3700000,0x000000feb3800000] [id=9868]
  0x000002af08a11790 ConcurrentGCThread "G1 Conc#0" [stack: 0x000000feb3800000,0x000000feb3900000] [id=8632]
  0x000002af28da5440 ConcurrentGCThread "G1 Conc#1" [stack: 0x000000feb4f00000,0x000000feb5000000] [id=6468]
  0x000002af08a84b20 ConcurrentGCThread "G1 Refine#0" [stack: 0x000000feb3900000,0x000000feb3a00000] [id=8880]
  0x000002af08a855a0 ConcurrentGCThread "G1 Service" [stack: 0x000000feb3a00000,0x000000feb3b00000] [id=4820]

Threads with active compile tasks:
C2 CompilerThread0    10419 6452   !   4       org.codehaus.plexus.interpolation.StringSearchInterpolator::interpolate (650 bytes)

VM state: at safepoint (normal execution)

VM Mutex/Monitor currently owned by a thread:  ([mutex/lock_event])
[0x000002af089c7eb0] Threads_lock - owner thread: 0x000002af27646900
[0x000002af089c60e0] Heap_lock - owner thread: 0x000002af089c9f90

Heap address: 0x00000000a0e00000, size: 1522 MB, Compressed Oops mode: 32-bit

CDS archive(s) mapped at: [0x0000000800000000-0x0000000800bb0000-0x0000000800bb0000), size 12255232, SharedBaseAddress: 0x0000000800000000, ArchiveRelocationMode: 0.
Compressed class space mapped at: 0x0000000800c00000-0x0000000840c00000, reserved size: 1073741824
Narrow klass base: 0x0000000800000000, Narrow klass shift: 3, Narrow klass range: 0x100000000

GC Precious Log:
 CPUs: 8 total, 8 available
 Memory: 6082M
 Large Page Support: Disabled
 NUMA Support: Disabled
 Compressed Oops: Enabled (32-bit)
 Heap Region Size: 1M
 Heap Min Capacity: 8M
 Heap Initial Capacity: 96M
 Heap Max Capacity: 1522M
 Pre-touch: Disabled
 Parallel Workers: 8
 Concurrent Workers: 2
 Concurrent Refinement Workers: 8
 Periodic GC: Disabled

Heap:
 garbage-first heap   total 118784K, used 50929K [0x00000000a0e00000, 0x0000000100000000)
  region size 1024K, 1 young (1024K), 1 survivors (1024K)
 Metaspace       used 26974K, committed 27520K, reserved 1081344K
  class space    used 2912K, committed 3200K, reserved 1048576K

Heap Regions: E=young(eden), S=young(survivor), O=old, HS=humongous(starts), HC=humongous(continues), CS=collection set, F=free, OA=open archive, CA=closed archive, TAMS=top-at-mark-start (previous, next)
|   0|0x00000000a0e00000, 0x00000000a0f00000, 0x00000000a0f00000|100%| O|  |TAMS 0x00000000a0f00000, 0x00000000a0e00000| Untracked 
|   1|0x00000000a0f00000, 0x00000000a1000000, 0x00000000a1000000|100%| O|  |TAMS 0x00000000a1000000, 0x00000000a0f00000| Complete 
|   2|0x00000000a1000000, 0x00000000a1100000, 0x00000000a1100000|100%| O|  |TAMS 0x00000000a1100000, 0x00000000a1000000| Untracked 
|   3|0x00000000a1100000, 0x00000000a1200000, 0x00000000a1200000|100%| O|  |TAMS 0x00000000a1200000, 0x00000000a1100000| Untracked 
|   4|0x00000000a1200000, 0x00000000a1300000, 0x00000000a1300000|100%| O|  |TAMS 0x00000000a1300000, 0x00000000a1200000| Complete 
|   5|0x00000000a1300000, 0x00000000a1300000, 0x00000000a1400000|  0%| F|  |TAMS 0x00000000a1300000, 0x00000000a1300000| Untracked 
|   6|0x00000000a1400000, 0x00000000a1500000, 0x00000000a1500000|100%| O|  |TAMS 0x00000000a1500000, 0x00000000a1400000| Complete 
|   7|0x00000000a1500000, 0x00000000a1600000, 0x00000000a1600000|100%| O|  |TAMS 0x00000000a1600000, 0x00000000a1500000| Untracked 
|   8|0x00000000a1600000, 0x00000000a1700000, 0x00000000a1700000|100%| O|  |TAMS 0x00000000a1700000, 0x00000000a1600000| Untracked 
|   9|0x00000000a1700000, 0x00000000a1800000, 0x00000000a1800000|100%| O|  |TAMS 0x00000000a1800000, 0x00000000a1700000| Untracked 
|  10|0x00000000a1800000, 0x00000000a1900000, 0x00000000a1900000|100%| O|  |TAMS 0x00000000a1900000, 0x00000000a1800000| Untracked 
|  11|0x00000000a1900000, 0x00000000a1a00000, 0x00000000a1a00000|100%| O|  |TAMS 0x00000000a1a00000, 0x00000000a1900000| Untracked 
|  12|0x00000000a1a00000, 0x00000000a1b00000, 0x00000000a1b00000|100%| O|  |TAMS 0x00000000a1b00000, 0x00000000a1a00000| Complete 
|  13|0x00000000a1b00000, 0x00000000a1c00000, 0x00000000a1c00000|100%|HS|  |TAMS 0x00000000a1c00000, 0x00000000a1b00000| Complete 
|  14|0x00000000a1c00000, 0x00000000a1c00000, 0x00000000a1d00000|  0%| F|  |TAMS 0x00000000a1c00000, 0x00000000a1c00000| Untracked 
|  15|0x00000000a1d00000, 0x00000000a1d00000, 0x00000000a1e00000|  0%| F|  |TAMS 0x00000000a1d00000, 0x00000000a1d00000| Untracked 
|  16|0x00000000a1e00000, 0x00000000a1f00000, 0x00000000a1f00000|100%| O|  |TAMS 0x00000000a1e00000, 0x00000000a1e00000| Untracked 
|  17|0x00000000a1f00000, 0x00000000a1f00000, 0x00000000a2000000|  0%| F|  |TAMS 0x00000000a1f00000, 0x00000000a1f00000| Untracked 
|  18|0x00000000a2000000, 0x00000000a2000000, 0x00000000a2100000|  0%| F|  |TAMS 0x00000000a2000000, 0x00000000a2000000| Untracked 
|  19|0x00000000a2100000, 0x00000000a2200000, 0x00000000a2200000|100%| O|  |TAMS 0x00000000a2200000, 0x00000000a2100000| Complete 
|  20|0x00000000a2200000, 0x00000000a2300000, 0x00000000a2300000|100%|HS|  |TAMS 0x00000000a2300000, 0x00000000a2200000| Complete 
|  21|0x00000000a2300000, 0x00000000a2300000, 0x00000000a2400000|  0%| F|  |TAMS 0x00000000a2300000, 0x00000000a2300000| Untracked 
|  22|0x00000000a2400000, 0x00000000a2500000, 0x00000000a2500000|100%| O|  |TAMS 0x00000000a2500000, 0x00000000a2400000| Complete 
|  23|0x00000000a2500000, 0x00000000a2600000, 0x00000000a2600000|100%| O|  |TAMS 0x00000000a2600000, 0x00000000a2500000| Untracked 
|  24|0x00000000a2600000, 0x00000000a2700000, 0x00000000a2700000|100%| O|  |TAMS 0x00000000a2700000, 0x00000000a2600000| Untracked 
|  25|0x00000000a2700000, 0x00000000a2800000, 0x00000000a2800000|100%| O|  |TAMS 0x00000000a2800000, 0x00000000a2700000| Untracked 
|  26|0x00000000a2800000, 0x00000000a2900000, 0x00000000a2900000|100%| O|  |TAMS 0x00000000a2900000, 0x00000000a2800000| Untracked 
|  27|0x00000000a2900000, 0x00000000a2a00000, 0x00000000a2a00000|100%| O|  |TAMS 0x00000000a2a00000, 0x00000000a2900000| Untracked 
|  28|0x00000000a2a00000, 0x00000000a2b00000, 0x00000000a2b00000|100%| O|  |TAMS 0x00000000a2b00000, 0x00000000a2a00000| Untracked 
|  29|0x00000000a2b00000, 0x00000000a2c00000, 0x00000000a2c00000|100%| O|  |TAMS 0x00000000a2c00000, 0x00000000a2b00000| Untracked 
|  30|0x00000000a2c00000, 0x00000000a2c00000, 0x00000000a2d00000|  0%| F|  |TAMS 0x00000000a2c00000, 0x00000000a2c00000| Untracked 
|  31|0x00000000a2d00000, 0x00000000a2e00000, 0x00000000a2e00000|100%| O|  |TAMS 0x00000000a2e00000, 0x00000000a2d00000| Complete 
|  32|0x00000000a2e00000, 0x00000000a2e00000, 0x00000000a2f00000|  0%| F|  |TAMS 0x00000000a2e00000, 0x00000000a2e00000| Untracked 
|  33|0x00000000a2f00000, 0x00000000a2f00000, 0x00000000a3000000|  0%| F|  |TAMS 0x00000000a2f00000, 0x00000000a2f00000| Untracked 
|  34|0x00000000a3000000, 0x00000000a3100000, 0x00000000a3100000|100%| O|  |TAMS 0x00000000a3000000, 0x00000000a3000000| Untracked 
|  35|0x00000000a3100000, 0x00000000a3200000, 0x00000000a3200000|100%|HS|  |TAMS 0x00000000a3200000, 0x00000000a3100000| Complete 
|  36|0x00000000a3200000, 0x00000000a3300000, 0x00000000a3300000|100%| O|  |TAMS 0x00000000a3300000, 0x00000000a3200000| Untracked 
|  37|0x00000000a3300000, 0x00000000a3400000, 0x00000000a3400000|100%| O|  |TAMS 0x00000000a3400000, 0x00000000a3300000| Untracked 
|  38|0x00000000a3400000, 0x00000000a3500000, 0x00000000a3500000|100%| O|  |TAMS 0x00000000a3500000, 0x00000000a3400000| Untracked 
|  39|0x00000000a3500000, 0x00000000a3600000, 0x00000000a3600000|100%| O|  |TAMS 0x00000000a3600000, 0x00000000a3500000| Untracked 
|  40|0x00000000a3600000, 0x00000000a3700000, 0x00000000a3700000|100%| O|  |TAMS 0x00000000a3700000, 0x00000000a3600000| Untracked 
|  41|0x00000000a3700000, 0x00000000a3800000, 0x00000000a3800000|100%| O|  |TAMS 0x00000000a3800000, 0x00000000a3700000| Untracked 
|  42|0x00000000a3800000, 0x00000000a3900000, 0x00000000a3900000|100%| O|  |TAMS 0x00000000a3900000, 0x00000000a3800000| Untracked 
|  43|0x00000000a3900000, 0x00000000a3900000, 0x00000000a3a00000|  0%| F|  |TAMS 0x00000000a3900000, 0x00000000a3900000| Untracked 
|  44|0x00000000a3a00000, 0x00000000a3b00000, 0x00000000a3b00000|100%| O|  |TAMS 0x00000000a3b00000, 0x00000000a3a00000| Untracked 
|  45|0x00000000a3b00000, 0x00000000a3c00000, 0x00000000a3c00000|100%| O|  |TAMS 0x00000000a3c00000, 0x00000000a3b00000| Untracked 
|  46|0x00000000a3c00000, 0x00000000a3d00000, 0x00000000a3d00000|100%| O|  |TAMS 0x00000000a3d00000, 0x00000000a3c00000| Untracked 
|  47|0x00000000a3d00000, 0x00000000a3e00000, 0x00000000a3e00000|100%| O|  |TAMS 0x00000000a3e00000, 0x00000000a3d00000| Untracked 
|  48|0x00000000a3e00000, 0x00000000a3f00000, 0x00000000a3f00000|100%| O|  |TAMS 0x00000000a3f00000, 0x00000000a3e00000| Untracked 
|  49|0x00000000a3f00000, 0x00000000a4000000, 0x00000000a4000000|100%| O|  |TAMS 0x00000000a4000000, 0x00000000a3f00000| Untracked 
|  50|0x00000000a4000000, 0x00000000a4100000, 0x00000000a4100000|100%| O|  |TAMS 0x00000000a40ed400, 0x00000000a4000000| Untracked 
|  51|0x00000000a4100000, 0x00000000a4200000, 0x00000000a4200000|100%| O|  |TAMS 0x00000000a4100000, 0x00000000a4100000| Untracked 
|  52|0x00000000a4200000, 0x00000000a4300000, 0x00000000a4300000|100%| O|  |TAMS 0x00000000a4200000, 0x00000000a4200000| Untracked 
|  53|0x00000000a4300000, 0x00000000a4400000, 0x00000000a4400000|100%| O|  |TAMS 0x00000000a4400000, 0x00000000a4300000| Untracked 
|  54|0x00000000a4400000, 0x00000000a4400000, 0x00000000a4500000|  0%| F|  |TAMS 0x00000000a4400000, 0x00000000a4400000| Untracked 
|  55|0x00000000a4500000, 0x00000000a4500000, 0x00000000a4600000|  0%| F|  |TAMS 0x00000000a4500000, 0x00000000a4500000| Untracked 
|  56|0x00000000a4600000, 0x00000000a4700000, 0x00000000a4700000|100%| O|  |TAMS 0x00000000a4600000, 0x00000000a4600000| Untracked 
|  57|0x00000000a4700000, 0x00000000a4800000, 0x00000000a4800000|100%| O|  |TAMS 0x00000000a4700000, 0x00000000a4700000| Untracked 
|  58|0x00000000a4800000, 0x00000000a4900000, 0x00000000a4900000|100%| O|  |TAMS 0x00000000a4800000, 0x00000000a4800000| Untracked 
|  59|0x00000000a4900000, 0x00000000a49cb200, 0x00000000a4a00000| 79%| O|  |TAMS 0x00000000a4900000, 0x00000000a4900000| Untracked 
|  60|0x00000000a4a00000, 0x00000000a4a00000, 0x00000000a4b00000|  0%| F|  |TAMS 0x00000000a4a00000, 0x00000000a4a00000| Untracked 
|  61|0x00000000a4b00000, 0x00000000a4b00000, 0x00000000a4c00000|  0%| F|  |TAMS 0x00000000a4b00000, 0x00000000a4b00000| Untracked 
|  62|0x00000000a4c00000, 0x00000000a4c00000, 0x00000000a4d00000|  0%| F|  |TAMS 0x00000000a4c00000, 0x00000000a4c00000| Untracked 
|  63|0x00000000a4d00000, 0x00000000a4d00000, 0x00000000a4e00000|  0%| F|  |TAMS 0x00000000a4d00000, 0x00000000a4d00000| Untracked 
|  64|0x00000000a4e00000, 0x00000000a4e00000, 0x00000000a4f00000|  0%| F|  |TAMS 0x00000000a4e00000, 0x00000000a4e00000| Untracked 
|  65|0x00000000a4f00000, 0x00000000a4f00000, 0x00000000a5000000|  0%| F|  |TAMS 0x00000000a4f00000, 0x00000000a4f00000| Untracked 
|  66|0x00000000a5000000, 0x00000000a5000000, 0x00000000a5100000|  0%| F|  |TAMS 0x00000000a5000000, 0x00000000a5000000| Untracked 
|  67|0x00000000a5100000, 0x00000000a5100000, 0x00000000a5200000|  0%| F|  |TAMS 0x00000000a5100000, 0x00000000a5100000| Untracked 
|  68|0x00000000a5200000, 0x00000000a5200000, 0x00000000a5300000|  0%| F|  |TAMS 0x00000000a5200000, 0x00000000a5200000| Untracked 
|  69|0x00000000a5300000, 0x00000000a5300000, 0x00000000a5400000|  0%| F|  |TAMS 0x00000000a5300000, 0x00000000a5300000| Untracked 
|  70|0x00000000a5400000, 0x00000000a5400000, 0x00000000a5500000|  0%| F|  |TAMS 0x00000000a5400000, 0x00000000a5400000| Untracked 
|  71|0x00000000a5500000, 0x00000000a5500000, 0x00000000a5600000|  0%| F|  |TAMS 0x00000000a5500000, 0x00000000a5500000| Untracked 
|  72|0x00000000a5600000, 0x00000000a5600000, 0x00000000a5700000|  0%| F|  |TAMS 0x00000000a5600000, 0x00000000a5600000| Untracked 
|  73|0x00000000a5700000, 0x00000000a5700000, 0x00000000a5800000|  0%| F|  |TAMS 0x00000000a5700000, 0x00000000a5700000| Untracked 
|  74|0x00000000a5800000, 0x00000000a5800000, 0x00000000a5900000|  0%| F|  |TAMS 0x00000000a5800000, 0x00000000a5800000| Untracked 
|  75|0x00000000a5900000, 0x00000000a5900000, 0x00000000a5a00000|  0%| F|  |TAMS 0x00000000a5900000, 0x00000000a5900000| Untracked 
|  76|0x00000000a5a00000, 0x00000000a5a00000, 0x00000000a5b00000|  0%| F|  |TAMS 0x00000000a5a00000, 0x00000000a5a00000| Untracked 
|  77|0x00000000a5b00000, 0x00000000a5b00000, 0x00000000a5c00000|  0%| F|  |TAMS 0x00000000a5b00000, 0x00000000a5b00000| Untracked 
|  78|0x00000000a5c00000, 0x00000000a5c00000, 0x00000000a5d00000|  0%| F|  |TAMS 0x00000000a5c00000, 0x00000000a5c00000| Untracked 
|  79|0x00000000a5d00000, 0x00000000a5d00000, 0x00000000a5e00000|  0%| F|  |TAMS 0x00000000a5d00000, 0x00000000a5d00000| Untracked 
|  80|0x00000000a5e00000, 0x00000000a5e00000, 0x00000000a5f00000|  0%| F|  |TAMS 0x00000000a5e00000, 0x00000000a5e00000| Untracked 
|  81|0x00000000a5f00000, 0x00000000a5f00000, 0x00000000a6000000|  0%| F|  |TAMS 0x00000000a5f00000, 0x00000000a5f00000| Untracked 
|  82|0x00000000a6000000, 0x00000000a6000000, 0x00000000a6100000|  0%| F|  |TAMS 0x00000000a6000000, 0x00000000a6000000| Untracked 
|  83|0x00000000a6100000, 0x00000000a6100000, 0x00000000a6200000|  0%| F|  |TAMS 0x00000000a6100000, 0x00000000a6100000| Untracked 
|  84|0x00000000a6200000, 0x00000000a6200000, 0x00000000a6300000|  0%| F|  |TAMS 0x00000000a6200000, 0x00000000a6200000| Untracked 
|  85|0x00000000a6300000, 0x00000000a6300000, 0x00000000a6400000|  0%| F|  |TAMS 0x00000000a6300000, 0x00000000a6300000| Untracked 
|  86|0x00000000a6400000, 0x00000000a6400000, 0x00000000a6500000|  0%| F|  |TAMS 0x00000000a6400000, 0x00000000a6400000| Untracked 
|  87|0x00000000a6500000, 0x00000000a6500000, 0x00000000a6600000|  0%| F|  |TAMS 0x00000000a6500000, 0x00000000a6500000| Untracked 
|  88|0x00000000a6600000, 0x00000000a6600000, 0x00000000a6700000|  0%| F|  |TAMS 0x00000000a6600000, 0x00000000a6600000| Untracked 
|  89|0x00000000a6700000, 0x00000000a6700000, 0x00000000a6800000|  0%| F|  |TAMS 0x00000000a6700000, 0x00000000a6700000| Untracked 
|  90|0x00000000a6800000, 0x00000000a6800000, 0x00000000a6900000|  0%| F|  |TAMS 0x00000000a6800000, 0x00000000a6800000| Untracked 
|  91|0x00000000a6900000, 0x00000000a6900000, 0x00000000a6a00000|  0%| F|  |TAMS 0x00000000a6900000, 0x00000000a6900000| Untracked 
|  92|0x00000000a6a00000, 0x00000000a6a00000, 0x00000000a6b00000|  0%| F|  |TAMS 0x00000000a6a00000, 0x00000000a6a00000| Untracked 
|  93|0x00000000a6b00000, 0x00000000a6b00000, 0x00000000a6c00000|  0%| F|  |TAMS 0x00000000a6b00000, 0x00000000a6b00000| Untracked 
|  94|0x00000000a6c00000, 0x00000000a6c00000, 0x00000000a6d00000|  0%| F|  |TAMS 0x00000000a6c00000, 0x00000000a6c00000| Untracked 
|  95|0x00000000a6d00000, 0x00000000a6d00000, 0x00000000a6e00000|  0%| F|  |TAMS 0x00000000a6d00000, 0x00000000a6d00000| Untracked 
|  96|0x00000000a6e00000, 0x00000000a6e00000, 0x00000000a6f00000|  0%| F|  |TAMS 0x00000000a6e00000, 0x00000000a6e00000| Untracked 
|  97|0x00000000a6f00000, 0x00000000a6f00000, 0x00000000a7000000|  0%| F|  |TAMS 0x00000000a6f00000, 0x00000000a6f00000| Untracked 
|  98|0x00000000a7000000, 0x00000000a7000000, 0x00000000a7100000|  0%| F|  |TAMS 0x00000000a7000000, 0x00000000a7000000| Untracked 
|  99|0x00000000a7100000, 0x00000000a7100000, 0x00000000a7200000|  0%| F|  |TAMS 0x00000000a7100000, 0x00000000a7100000| Untracked 
| 100|0x00000000a7200000, 0x00000000a7200000, 0x00000000a7300000|  0%| F|  |TAMS 0x00000000a7200000, 0x00000000a7200000| Untracked 
| 101|0x00000000a7300000, 0x00000000a7300000, 0x00000000a7400000|  0%| F|  |TAMS 0x00000000a7300000, 0x00000000a7300000| Untracked 
| 102|0x00000000a7400000, 0x00000000a7400000, 0x00000000a7500000|  0%| F|  |TAMS 0x00000000a7400000, 0x00000000a7400000| Untracked 
| 103|0x00000000a7500000, 0x00000000a7500000, 0x00000000a7600000|  0%| F|  |TAMS 0x00000000a7500000, 0x00000000a7500000| Untracked 
| 104|0x00000000a7600000, 0x00000000a7600000, 0x00000000a7700000|  0%| F|  |TAMS 0x00000000a7600000, 0x00000000a7600000| Untracked 
| 105|0x00000000a7700000, 0x00000000a7700000, 0x00000000a7800000|  0%| F|  |TAMS 0x00000000a7700000, 0x00000000a7700000| Untracked 
| 106|0x00000000a7800000, 0x00000000a7800000, 0x00000000a7900000|  0%| F|  |TAMS 0x00000000a7800000, 0x00000000a7800000| Untracked 
| 107|0x00000000a7900000, 0x00000000a7900000, 0x00000000a7a00000|  0%| F|  |TAMS 0x00000000a7900000, 0x00000000a7900000| Untracked 
| 108|0x00000000a7a00000, 0x00000000a7a00000, 0x00000000a7b00000|  0%| F|  |TAMS 0x00000000a7a00000, 0x00000000a7a00000| Untracked 
| 109|0x00000000a7b00000, 0x00000000a7b00000, 0x00000000a7c00000|  0%| F|  |TAMS 0x00000000a7b00000, 0x00000000a7b00000| Untracked 
| 110|0x00000000a7c00000, 0x00000000a7c00000, 0x00000000a7d00000|  0%| F|  |TAMS 0x00000000a7c00000, 0x00000000a7c00000| Untracked 
| 111|0x00000000a7d00000, 0x00000000a7d00000, 0x00000000a7e00000|  0%| F|  |TAMS 0x00000000a7d00000, 0x00000000a7d00000| Untracked 
| 112|0x00000000a7e00000, 0x00000000a7ef1428, 0x00000000a7f00000| 94%| S|CS|TAMS 0x00000000a7e00000, 0x00000000a7e00000| Complete 
| 113|0x00000000a7f00000, 0x00000000a7f00000, 0x00000000a8000000|  0%| F|  |TAMS 0x00000000a7f00000, 0x00000000a7f00000| Untracked 
| 114|0x00000000a8000000, 0x00000000a8000000, 0x00000000a8100000|  0%| F|  |TAMS 0x00000000a8000000, 0x00000000a8000000| Untracked 
|1521|0x00000000fff00000, 0x0000000100000000, 0x0000000100000000|100%| O|  |TAMS 0x0000000100000000, 0x00000000fff00000| Untracked 

Card table byte_map: [0x000002af21690000,0x000002af21990000] _byte_map_base: 0x000002af21189000

Marking Bits (Prev, Next): (CMBitMap*) 0x000002af08a02ca0, (CMBitMap*) 0x000002af08a02c60
 Prev Bits: [0x000002af23460000, 0x000002af24c28000)
 Next Bits: [0x000002af21c90000, 0x000002af23458000)

Polling page: 0x000002af08ab0000

Metaspace:

Usage:
  Non-class:     23.50 MB used.
      Class:      2.84 MB used.
       Both:     26.34 MB used.

Virtual space:
  Non-class space:       32.00 MB reserved,      23.75 MB ( 74%) committed,  4 nodes.
      Class space:        1.00 GB reserved,       3.12 MB ( <1%) committed,  1 nodes.
              Both:        1.03 GB reserved,      26.88 MB (  3%) committed. 

Chunk freelists:
   Non-Class:  4.00 MB
       Class:  964.00 KB
        Both:  4.94 MB

MaxMetaspaceSize: 17179869184.00 GB
CompressedClassSpaceSize: 1.00 GB
 - commit_granule_bytes: 65536.
 - commit_granule_words: 8192.
 - virtual_space_node_default_size: 1048576.
 - enlarge_chunks_in_place: 1.
 - new_chunks_are_fully_committed: 0.
 - uncommit_free_chunks: 1.
 - use_allocation_guard: 0.
 - handle_deallocations: 1.


Internal statistics:

num_allocs_failed_limit: 0.
num_arena_births: 170.
num_arena_deaths: 6.
num_vsnodes_births: 5.
num_vsnodes_deaths: 0.
num_space_committed: 446.
num_space_uncommitted: 16.
num_chunks_returned_to_freelist: 74.
num_chunks_taken_from_freelist: 1217.
num_chunk_merges: 21.
num_chunk_splits: 856.
num_chunks_enlarged: 654.
num_purges: 2.

CodeHeap 'non-profiled nmethods': size=120000Kb used=2620Kb max_used=2862Kb free=117379Kb
 bounds [0x000002af19400000, 0x000002af196d0000, 0x000002af20930000]
CodeHeap 'profiled nmethods': size=120000Kb used=11316Kb max_used=13342Kb free=108683Kb
 bounds [0x000002af11ed0000, 0x000002af12be0000, 0x000002af19400000]
CodeHeap 'non-nmethods': size=5760Kb used=1244Kb max_used=1294Kb free=4515Kb
 bounds [0x000002af11930000, 0x000002af11ba0000, 0x000002af11ed0000]
 total_blobs=6006 nmethods=5458 adapters=460
 compilation: enabled
              stopped_count=0, restarted_count=0
 full_count=0

Compilation events (20 events):
Event: 10.271 Thread 0x000002af276961b0 6471       3       java.lang.StackTraceElement::of (68 bytes)
Event: 10.272 Thread 0x000002af276961b0 nmethod 6471 0x000002af12591710 code [0x000002af12591900, 0x000002af12591f58]
Event: 10.272 Thread 0x000002af276961b0 6473       3       com.google.inject.internal.ProviderMethodsModule::getAnnotation (104 bytes)
Event: 10.273 Thread 0x000002af276961b0 nmethod 6473 0x000002af11f27010 code [0x000002af11f27320, 0x000002af11f28858]
Event: 10.273 Thread 0x000002af276961b0 6474       3       com.google.inject.internal.ProvidesMethodScanner::annotationClasses (4 bytes)
Event: 10.273 Thread 0x000002af276961b0 nmethod 6474 0x000002af11f72090 code [0x000002af11f72220, 0x000002af11f72338]
Event: 10.276 Thread 0x000002af276961b0 6475       3       java.io.OutputStream::<init> (5 bytes)
Event: 10.277 Thread 0x000002af276961b0 nmethod 6475 0x000002af12267e10 code [0x000002af12267fc0, 0x000002af12268118]
Event: 10.306 Thread 0x000002af276961b0 6476       3       java.io.ByteArrayOutputStream::<init> (43 bytes)
Event: 10.307 Thread 0x000002af276961b0 nmethod 6476 0x000002af120e3e90 code [0x000002af120e40e0, 0x000002af120e4918]
Event: 10.307 Thread 0x000002af276961b0 6477       3       java.io.ByteArrayOutputStream::<init> (7 bytes)
Event: 10.307 Thread 0x000002af276961b0 nmethod 6477 0x000002af11ff1790 code [0x000002af11ff1940, 0x000002af11ff1a88]
Event: 10.310 Thread 0x000002af276961b0 6478       3       java.util.jar.JarFile::<init> (11 bytes)
Event: 10.310 Thread 0x000002af276961b0 nmethod 6478 0x000002af12074290 code [0x000002af12074440, 0x000002af12074588]
Event: 10.315 Thread 0x000002af276961b0 6479       3       java.util.Hashtable::<init> (8 bytes)
Event: 10.315 Thread 0x000002af276961b0 nmethod 6479 0x000002af1241a010 code [0x000002af1241a1e0, 0x000002af1241a328]
Event: 10.317 Thread 0x000002af276961b0 6480       3       java.util.jar.JarFile::<init> (8 bytes)
Event: 10.317 Thread 0x000002af276961b0 nmethod 6480 0x000002af120c3910 code [0x000002af120c3ac0, 0x000002af120c3c08]
Event: 10.318 Thread 0x000002af276961b0 6481       3       java.util.jar.JarVerifier::<init> (144 bytes)
Event: 10.319 Thread 0x000002af276961b0 nmethod 6481 0x000002af12078610 code [0x000002af12078920, 0x000002af12079cb8]

GC Heap History (20 events):
Event: 6.383 GC heap after
{Heap after GC invocations=11 (full 0):
 garbage-first heap   total 75776K, used 27953K [0x00000000a0e00000, 0x0000000100000000)
  region size 1024K, 5 young (5120K), 5 survivors (5120K)
 Metaspace       used 23089K, committed 23360K, reserved 1073152K
  class space    used 2534K, committed 2688K, reserved 1048576K
}
Event: 6.464 GC heap before
{Heap before GC invocations=11 (full 0):
 garbage-first heap   total 75776K, used 53553K [0x00000000a0e00000, 0x0000000100000000)
  region size 1024K, 30 young (30720K), 5 survivors (5120K)
 Metaspace       used 23091K, committed 23360K, reserved 1073152K
  class space    used 2534K, committed 2688K, reserved 1048576K
}
Event: 6.471 GC heap after
{Heap after GC invocations=12 (full 0):
 garbage-first heap   total 91136K, used 31806K [0x00000000a0e00000, 0x0000000100000000)
  region size 1024K, 3 young (3072K), 3 survivors (3072K)
 Metaspace       used 23091K, committed 23360K, reserved 1073152K
  class space    used 2534K, committed 2688K, reserved 1048576K
}
Event: 6.740 GC heap before
{Heap before GC invocations=12 (full 0):
 garbage-first heap   total 91136K, used 63550K [0x00000000a0e00000, 0x0000000100000000)
  region size 1024K, 35 young (35840K), 3 survivors (3072K)
 Metaspace       used 23632K, committed 23936K, reserved 1073152K
  class space    used 2595K, committed 2752K, reserved 1048576K
}
Event: 6.748 GC heap after
{Heap after GC invocations=13 (full 0):
 garbage-first heap   total 91136K, used 34206K [0x00000000a0e00000, 0x0000000100000000)
  region size 1024K, 5 young (5120K), 5 survivors (5120K)
 Metaspace       used 23632K, committed 23936K, reserved 1073152K
  class space    used 2595K, committed 2752K, reserved 1048576K
}
Event: 7.439 GC heap before
{Heap before GC invocations=13 (full 0):
 garbage-first heap   total 91136K, used 66974K [0x00000000a0e00000, 0x0000000100000000)
  region size 1024K, 37 young (37888K), 5 survivors (5120K)
 Metaspace       used 24859K, committed 25216K, reserved 1073152K
  class space    used 2733K, committed 2944K, reserved 1048576K
}
Event: 7.452 GC heap after
{Heap after GC invocations=14 (full 0):
 garbage-first heap   total 91136K, used 38429K [0x00000000a0e00000, 0x0000000100000000)
  region size 1024K, 4 young (4096K), 4 survivors (4096K)
 Metaspace       used 24859K, committed 25216K, reserved 1073152K
  class space    used 2733K, committed 2944K, reserved 1048576K
}
Event: 8.162 GC heap before
{Heap before GC invocations=14 (full 0):
 garbage-first heap   total 91136K, used 67101K [0x00000000a0e00000, 0x0000000100000000)
  region size 1024K, 33 young (33792K), 4 survivors (4096K)
 Metaspace       used 26666K, committed 27008K, reserved 1073152K
  class space    used 2900K, committed 3072K, reserved 1048576K
}
Event: 8.170 GC heap after
{Heap after GC invocations=15 (full 0):
 garbage-first heap   total 91136K, used 38004K [0x00000000a0e00000, 0x0000000100000000)
  region size 1024K, 1 young (1024K), 1 survivors (1024K)
 Metaspace       used 26666K, committed 27008K, reserved 1073152K
  class space    used 2900K, committed 3072K, reserved 1048576K
}
Event: 8.282 GC heap before
{Heap before GC invocations=15 (full 0):
 garbage-first heap   total 91136K, used 70772K [0x00000000a0e00000, 0x0000000100000000)
  region size 1024K, 33 young (33792K), 1 survivors (1024K)
 Metaspace       used 26674K, committed 27008K, reserved 1073152K
  class space    used 2901K, committed 3072K, reserved 1048576K
}
Event: 8.287 GC heap after
{Heap after GC invocations=16 (full 0):
 garbage-first heap   total 118784K, used 39258K [0x00000000a0e00000, 0x0000000100000000)
  region size 1024K, 2 young (2048K), 2 survivors (2048K)
 Metaspace       used 26674K, committed 27008K, reserved 1073152K
  class space    used 2901K, committed 3072K, reserved 1048576K
}
Event: 8.891 GC heap before
{Heap before GC invocations=16 (full 0):
 garbage-first heap   total 118784K, used 93530K [0x00000000a0e00000, 0x0000000100000000)
  region size 1024K, 54 young (55296K), 2 survivors (2048K)
 Metaspace       used 26745K, committed 27136K, reserved 1073152K
  class space    used 2902K, committed 3136K, reserved 1048576K
}
Event: 8.903 GC heap after
{Heap after GC invocations=17 (full 0):
 garbage-first heap   total 118784K, used 55614K [0x00000000a0e00000, 0x0000000100000000)
  region size 1024K, 7 young (7168K), 7 survivors (7168K)
 Metaspace       used 26745K, committed 27136K, reserved 1073152K
  class space    used 2902K, committed 3136K, reserved 1048576K
}
Event: 8.914 GC heap before
{Heap before GC invocations=17 (full 0):
 garbage-first heap   total 118784K, used 88382K [0x00000000a0e00000, 0x0000000100000000)
  region size 1024K, 40 young (40960K), 7 survivors (7168K)
 Metaspace       used 26745K, committed 27136K, reserved 1073152K
  class space    used 2902K, committed 3136K, reserved 1048576K
}
Event: 8.920 GC heap after
{Heap after GC invocations=18 (full 0):
 garbage-first heap   total 118784K, used 56210K [0x00000000a0e00000, 0x0000000100000000)
  region size 1024K, 1 young (1024K), 1 survivors (1024K)
 Metaspace       used 26745K, committed 27136K, reserved 1073152K
  class space    used 2902K, committed 3136K, reserved 1048576K
}
Event: 9.775 GC heap before
{Heap before GC invocations=18 (full 0):
 garbage-first heap   total 118784K, used 91026K [0x00000000a0e00000, 0x0000000100000000)
  region size 1024K, 36 young (36864K), 1 survivors (1024K)
 Metaspace       used 28102K, committed 28480K, reserved 1081344K
  class space    used 3057K, committed 3264K, reserved 1048576K
}
Event: 9.780 GC heap after
{Heap after GC invocations=19 (full 0):
 garbage-first heap   total 118784K, used 58304K [0x00000000a0e00000, 0x0000000100000000)
  region size 1024K, 3 young (3072K), 3 survivors (3072K)
 Metaspace       used 28102K, committed 28480K, reserved 1081344K
  class space    used 3057K, committed 3264K, reserved 1048576K
}
Event: 10.321 GC heap before
{Heap before GC invocations=20 (full 0):
 garbage-first heap   total 118784K, used 92096K [0x00000000a0e00000, 0x0000000100000000)
  region size 1024K, 37 young (37888K), 3 survivors (3072K)
 Metaspace       used 26974K, committed 27520K, reserved 1081344K
  class space    used 2912K, committed 3200K, reserved 1048576K
}
Event: 10.327 GC heap after
{Heap after GC invocations=21 (full 0):
 garbage-first heap   total 118784K, used 57494K [0x00000000a0e00000, 0x0000000100000000)
  region size 1024K, 4 young (4096K), 4 survivors (4096K)
 Metaspace       used 26974K, committed 27520K, reserved 1081344K
  class space    used 2912K, committed 3200K, reserved 1048576K
}
Event: 10.369 GC heap before
{Heap before GC invocations=21 (full 0):
 garbage-first heap   total 118784K, used 59542K [0x00000000a0e00000, 0x0000000100000000)
  region size 1024K, 6 young (6144K), 4 survivors (4096K)
 Metaspace       used 26974K, committed 27520K, reserved 1081344K
  class space    used 2912K, committed 3200K, reserved 1048576K
}

Deoptimization events (20 events):
Event: 9.910 Thread 0x000002af089c9f90 Uncommon trap: trap_request=0xffffffbe fr.pc=0x000002af19448254 relative=0x00000000000004f4
Event: 9.910 Thread 0x000002af089c9f90 Uncommon trap: reason=profile_predicate action=maybe_recompile pc=0x000002af19448254 method=sun.nio.cs.ISO_8859_1$Decoder.decodeArrayLoop(Ljava/nio/ByteBuffer;Ljava/nio/CharBuffer;)Ljava/nio/charset/CoderResult; @ 133 c2
Event: 9.910 Thread 0x000002af089c9f90 DEOPT PACKING pc=0x000002af19448254 sp=0x000000feb35fc080
Event: 9.910 Thread 0x000002af089c9f90 DEOPT UNPACKING pc=0x000002af1197d72e sp=0x000000feb35fbff0 mode 2
Event: 9.910 Thread 0x000002af089c9f90 Uncommon trap: trap_request=0xffffffbe fr.pc=0x000002af19448254 relative=0x00000000000004f4
Event: 9.910 Thread 0x000002af089c9f90 Uncommon trap: reason=profile_predicate action=maybe_recompile pc=0x000002af19448254 method=sun.nio.cs.ISO_8859_1$Decoder.decodeArrayLoop(Ljava/nio/ByteBuffer;Ljava/nio/CharBuffer;)Ljava/nio/charset/CoderResult; @ 133 c2
Event: 9.910 Thread 0x000002af089c9f90 DEOPT PACKING pc=0x000002af19448254 sp=0x000000feb35fc030
Event: 9.910 Thread 0x000002af089c9f90 DEOPT UNPACKING pc=0x000002af1197d72e sp=0x000000feb35fbfa0 mode 2
Event: 9.910 Thread 0x000002af089c9f90 Uncommon trap: trap_request=0xffffffbe fr.pc=0x000002af19448254 relative=0x00000000000004f4
Event: 9.910 Thread 0x000002af089c9f90 Uncommon trap: reason=profile_predicate action=maybe_recompile pc=0x000002af19448254 method=sun.nio.cs.ISO_8859_1$Decoder.decodeArrayLoop(Ljava/nio/ByteBuffer;Ljava/nio/CharBuffer;)Ljava/nio/charset/CoderResult; @ 133 c2
Event: 9.910 Thread 0x000002af089c9f90 DEOPT PACKING pc=0x000002af19448254 sp=0x000000feb35fbf30
Event: 9.910 Thread 0x000002af089c9f90 DEOPT UNPACKING pc=0x000002af1197d72e sp=0x000000feb35fbea0 mode 2
Event: 9.911 Thread 0x000002af089c9f90 Uncommon trap: trap_request=0xffffffbe fr.pc=0x000002af19448254 relative=0x00000000000004f4
Event: 9.911 Thread 0x000002af089c9f90 Uncommon trap: reason=profile_predicate action=maybe_recompile pc=0x000002af19448254 method=sun.nio.cs.ISO_8859_1$Decoder.decodeArrayLoop(Ljava/nio/ByteBuffer;Ljava/nio/CharBuffer;)Ljava/nio/charset/CoderResult; @ 133 c2
Event: 9.911 Thread 0x000002af089c9f90 DEOPT PACKING pc=0x000002af19448254 sp=0x000000feb35fbd20
Event: 9.911 Thread 0x000002af089c9f90 DEOPT UNPACKING pc=0x000002af1197d72e sp=0x000000feb35fbc90 mode 2
Event: 10.256 Thread 0x000002af089c9f90 Uncommon trap: trap_request=0xffffff45 fr.pc=0x000002af196a3ed4 relative=0x0000000000000554
Event: 10.256 Thread 0x000002af089c9f90 Uncommon trap: reason=unstable_if action=reinterpret pc=0x000002af196a3ed4 method=java.util.regex.Pattern.atom()Ljava/util/regex/Pattern$Node; @ 14 c2
Event: 10.256 Thread 0x000002af089c9f90 DEOPT PACKING pc=0x000002af196a3ed4 sp=0x000000feb35fc740
Event: 10.256 Thread 0x000002af089c9f90 DEOPT UNPACKING pc=0x000002af1197d72e sp=0x000000feb35fc6c8 mode 2

Classes unloaded (20 events):
Event: 9.816 Thread 0x000002af27646900 Unloading class 0x0000000800ecd238 'lombok/core/AnnotationProcessor$EcjDescriptor'
Event: 9.816 Thread 0x000002af27646900 Unloading class 0x0000000800ecd000 'lombok/core/AnnotationProcessor$JavacDescriptor'
Event: 9.816 Thread 0x000002af27646900 Unloading class 0x0000000800ecca80 'lombok/core/AnnotationProcessor$ProcessorDescriptor'
Event: 9.816 Thread 0x000002af27646900 Unloading class 0x0000000800ecc800 'lombok/core/AnnotationProcessor'
Event: 9.816 Thread 0x000002af27646900 Unloading class 0x0000000800ef81f8 'org/mapstruct/ap/internal/util/AnnotationProcessorContext$FaultyDelegatingIterator'
Event: 9.816 Thread 0x000002af27646900 Unloading class 0x0000000800ef8000 'org/mapstruct/ap/spi/AstModifyingAnnotationProcessor'
Event: 9.816 Thread 0x000002af27646900 Unloading class 0x0000000800ef0c60 'org/mapstruct/ap/spi/BuilderProvider'
Event: 9.816 Thread 0x000002af27646900 Unloading class 0x0000000800ef0a68 'org/mapstruct/ap/spi/AccessorNamingStrategy'
Event: 9.816 Thread 0x000002af27646900 Unloading class 0x0000000800ef0800 'org/mapstruct/ap/internal/util/AnnotationProcessorContext'
Event: 9.816 Thread 0x000002af27646900 Unloading class 0x0000000800ef1e08 'org/mapstruct/ap/spi/MapStructProcessingEnvironment'
Event: 9.816 Thread 0x000002af27646900 Unloading class 0x0000000800ef1bc8 'org/mapstruct/ap/internal/option/Options'
Event: 9.816 Thread 0x000002af27646900 Unloading class 0x0000000800ef1958 'org/mapstruct/ap/internal/util/AnnotationProcessingException'
Event: 9.816 Thread 0x000002af27646900 Unloading class 0x0000000800ef1760 'org/mapstruct/ap/internal/processor/ModelElementProcessor$ProcessorContext'
Event: 9.816 Thread 0x000002af27646900 Unloading class 0x0000000800ef1500 'org/mapstruct/ap/spi/TypeHierarchyErroneousException'
Event: 9.816 Thread 0x000002af27646900 Unloading class 0x0000000800ef1280 'org/mapstruct/ap/MappingProcessor'
Event: 9.816 Thread 0x000002af27646900 Unloading class 0x0000000800ef1000 'lombok/launch/AnnotationProcessorHider$ClaimingProcessor'
Event: 9.816 Thread 0x000002af27646900 Unloading class 0x0000000800ecc510 'lombok/launch/AnnotationProcessorHider$AstModificationNotifierData'
Event: 9.816 Thread 0x000002af27646900 Unloading class 0x0000000800ecc200 'lombok/launch/ShadowClassLoader'
Event: 9.816 Thread 0x000002af27646900 Unloading class 0x0000000800ecc000 'lombok/launch/Main'
Event: 9.816 Thread 0x000002af27646900 Unloading class 0x0000000800e90400 'lombok/launch/AnnotationProcessorHider$AnnotationProcessor'

Classes redefined (0 events):
No events

Internal exceptions (20 events):
Event: 9.757 Thread 0x000002af089c9f90 Exception <a 'sun/nio/fs/WindowsException'{0x00000000a5eae878}> (0x00000000a5eae878) 
thrown [t:\workspace\open\src\hotspot\share\prims\jni.cpp, line 579]
Event: 9.757 Thread 0x000002af089c9f90 Exception <a 'sun/nio/fs/WindowsException'{0x00000000a5eafa68}> (0x00000000a5eafa68) 
thrown [t:\workspace\open\src\hotspot\share\prims\jni.cpp, line 579]
Event: 9.757 Thread 0x000002af089c9f90 Exception <a 'sun/nio/fs/WindowsException'{0x00000000a5eaff68}> (0x00000000a5eaff68) 
thrown [t:\workspace\open\src\hotspot\share\prims\jni.cpp, line 579]
Event: 9.762 Thread 0x000002af089c9f90 Exception <a 'sun/nio/fs/WindowsException'{0x00000000a5eeeec8}> (0x00000000a5eeeec8) 
thrown [t:\workspace\open\src\hotspot\share\prims\jni.cpp, line 579]
Event: 9.762 Thread 0x000002af089c9f90 Exception <a 'sun/nio/fs/WindowsException'{0x00000000a5eef398}> (0x00000000a5eef398) 
thrown [t:\workspace\open\src\hotspot\share\prims\jni.cpp, line 579]
Event: 9.763 Thread 0x000002af089c9f90 Exception <a 'sun/nio/fs/WindowsException'{0x00000000a5ef04c0}> (0x00000000a5ef04c0) 
thrown [t:\workspace\open\src\hotspot\share\prims\jni.cpp, line 579]
Event: 9.763 Thread 0x000002af089c9f90 Exception <a 'sun/nio/fs/WindowsException'{0x00000000a5ef0a58}> (0x00000000a5ef0a58) 
thrown [t:\workspace\open\src\hotspot\share\prims\jni.cpp, line 579]
Event: 9.763 Thread 0x000002af089c9f90 Exception <a 'sun/nio/fs/WindowsException'{0x00000000a5ef1c48}> (0x00000000a5ef1c48) 
thrown [t:\workspace\open\src\hotspot\share\prims\jni.cpp, line 579]
Event: 9.763 Thread 0x000002af089c9f90 Exception <a 'sun/nio/fs/WindowsException'{0x00000000a5ef2148}> (0x00000000a5ef2148) 
thrown [t:\workspace\open\src\hotspot\share\prims\jni.cpp, line 579]
Event: 9.765 Thread 0x000002af089c9f90 Exception <a 'sun/nio/fs/WindowsException'{0x00000000a5d15210}> (0x00000000a5d15210) 
thrown [t:\workspace\open\src\hotspot\share\prims\jni.cpp, line 579]
Event: 9.765 Thread 0x000002af089c9f90 Exception <a 'sun/nio/fs/WindowsException'{0x00000000a5d156e0}> (0x00000000a5d156e0) 
thrown [t:\workspace\open\src\hotspot\share\prims\jni.cpp, line 579]
Event: 9.765 Thread 0x000002af089c9f90 Exception <a 'sun/nio/fs/WindowsException'{0x00000000a5d16808}> (0x00000000a5d16808) 
thrown [t:\workspace\open\src\hotspot\share\prims\jni.cpp, line 579]
Event: 9.765 Thread 0x000002af089c9f90 Exception <a 'sun/nio/fs/WindowsException'{0x00000000a5d16da0}> (0x00000000a5d16da0) 
thrown [t:\workspace\open\src\hotspot\share\prims\jni.cpp, line 579]
Event: 9.765 Thread 0x000002af089c9f90 Exception <a 'sun/nio/fs/WindowsException'{0x00000000a5d17f90}> (0x00000000a5d17f90) 
thrown [t:\workspace\open\src\hotspot\share\prims\jni.cpp, line 579]
Event: 9.765 Thread 0x000002af089c9f90 Exception <a 'sun/nio/fs/WindowsException'{0x00000000a5d18490}> (0x00000000a5d18490) 
thrown [t:\workspace\open\src\hotspot\share\prims\jni.cpp, line 579]
Event: 9.770 Thread 0x000002af089c9f90 Exception <a 'sun/nio/fs/WindowsException'{0x00000000a5dd71c0}> (0x00000000a5dd71c0) 
thrown [t:\workspace\open\src\hotspot\share\prims\jni.cpp, line 579]
Event: 9.773 Thread 0x000002af089c9f90 Exception <a 'sun/nio/fs/WindowsException'{0x00000000a5dee740}> (0x00000000a5dee740) 
thrown [t:\workspace\open\src\hotspot\share\prims\jni.cpp, line 579]
Event: 9.782 Thread 0x000002af089c9f90 Exception <a 'sun/nio/fs/WindowsException'{0x00000000a80140b8}> (0x00000000a80140b8) 
thrown [t:\workspace\open\src\hotspot\share\prims\jni.cpp, line 579]
Event: 9.829 Thread 0x000002af2764e800 Implicit null exception at 0x000002af196a06bb to 0x000002af196a0c40
Event: 9.829 Thread 0x000002af2764e800 Implicit null exception at 0x000002af19692967 to 0x000002af19692ad4

Events (20 events):
Event: 10.177 Thread 0x000002af27696800 flushing nmethod 0x000002af1294dd90
Event: 10.177 Thread 0x000002af27696800 flushing nmethod 0x000002af129bb790
Event: 10.178 Thread 0x000002af27696800 flushing nmethod 0x000002af129d6810
Event: 10.178 Thread 0x000002af27696800 flushing nmethod 0x000002af12a12f90
Event: 10.178 Thread 0x000002af27696800 flushing nmethod 0x000002af12a13a90
Event: 10.178 Thread 0x000002af27696800 flushing nmethod 0x000002af12a14510
Event: 10.178 Thread 0x000002af27696800 flushing nmethod 0x000002af12a19610
Event: 10.178 Thread 0x000002af27696800 flushing nmethod 0x000002af12a19990
Event: 10.178 Thread 0x000002af27696800 flushing nmethod 0x000002af12a31490
Event: 10.178 Thread 0x000002af27696800 flushing nmethod 0x000002af12a8e790
Event: 10.178 Thread 0x000002af27696800 flushing nmethod 0x000002af12a92710
Event: 10.178 Thread 0x000002af27696800 flushing nmethod 0x000002af12a93110
Event: 10.178 Thread 0x000002af27696800 flushing nmethod 0x000002af12ae5790
Event: 10.178 Thread 0x000002af27696800 flushing nmethod 0x000002af12b4fa10
Event: 10.178 Thread 0x000002af27696800 flushing nmethod 0x000002af12b51a10
Event: 10.200 Executing  VM operation: ICBufferFull
Event: 10.201 Executing  VM operation: ICBufferFull done
Event: 10.321 Executing  VM operation: G1CollectForAllocation
Event: 10.327 Executing  VM operation: G1CollectForAllocation done
Event: 10.369 Executing  VM operation: G1CollectForAllocation


Dynamic libraries:
0x00007ff748f00000 - 0x00007ff748f10000 	C:\Program Files\Java\jdk-16.0.2\bin\java.exe
0x00007ffba4790000 - 0x00007ffba4985000 	C:\WINDOWS\SYSTEM32\ntdll.dll
0x00007ffba37b0000 - 0x00007ffba386d000 	C:\WINDOWS\System32\KERNEL32.DLL
0x00007ffba20f0000 - 0x00007ffba23b9000 	C:\WINDOWS\System32\KERNELBASE.dll
0x00007ffba24d0000 - 0x00007ffba25d0000 	C:\WINDOWS\System32\ucrtbase.dll
0x00007ffb8f940000 - 0x00007ffb8f959000 	C:\Program Files\Java\jdk-16.0.2\bin\VCRUNTIME140.dll
0x00007ffb9ab90000 - 0x00007ffb9aba8000 	C:\Program Files\Java\jdk-16.0.2\bin\jli.dll
0x00007ffba3e70000 - 0x00007ffba3f1c000 	C:\WINDOWS\System32\ADVAPI32.dll
0x00007ffba4150000 - 0x00007ffba41ee000 	C:\WINDOWS\System32\msvcrt.dll
0x00007ffba3f30000 - 0x00007ffba3fcb000 	C:\WINDOWS\System32\sechost.dll
0x00007ffba2cf0000 - 0x00007ffba2e1a000 	C:\WINDOWS\System32\RPCRT4.dll
0x00007ffba27f0000 - 0x00007ffba2990000 	C:\WINDOWS\System32\USER32.dll
0x00007ffba25d0000 - 0x00007ffba25f2000 	C:\WINDOWS\System32\win32u.dll
0x00007ffb8a6b0000 - 0x00007ffb8a94a000 	C:\WINDOWS\WinSxS\amd64_microsoft.windows.common-controls_6595b64144ccf1df_6.0.19041.1110_none_60b5254171f9507e\COMCTL32.dll
0x00007ffba3cf0000 - 0x00007ffba3d1a000 	C:\WINDOWS\System32\GDI32.dll
0x00007ffba1ec0000 - 0x00007ffba1fcb000 	C:\WINDOWS\System32\gdi32full.dll
0x00007ffba1fd0000 - 0x00007ffba206d000 	C:\WINDOWS\System32\msvcp_win.dll
0x00007ffba0cb0000 - 0x00007ffba0cba000 	C:\WINDOWS\SYSTEM32\VERSION.dll
0x00007ffba36a0000 - 0x00007ffba36d0000 	C:\WINDOWS\System32\IMM32.DLL
0x00007ffb9d500000 - 0x00007ffb9d50c000 	C:\Program Files\Java\jdk-16.0.2\bin\vcruntime140_1.dll
0x00007ffb841f0000 - 0x00007ffb84281000 	C:\Program Files\Java\jdk-16.0.2\bin\msvcp140.dll
0x00007ffb4c5d0000 - 0x00007ffb4d17b000 	C:\Program Files\Java\jdk-16.0.2\bin\server\jvm.dll
0x00007ffba3e00000 - 0x00007ffba3e08000 	C:\WINDOWS\System32\PSAPI.DLL
0x00007ffb97bf0000 - 0x00007ffb97c17000 	C:\WINDOWS\SYSTEM32\WINMM.dll
0x00007ffb855f0000 - 0x00007ffb855f9000 	C:\WINDOWS\SYSTEM32\WSOCK32.dll
0x00007ffba4560000 - 0x00007ffba45cb000 	C:\WINDOWS\System32\WS2_32.dll
0x00007ffba0c70000 - 0x00007ffba0c82000 	C:\WINDOWS\SYSTEM32\kernel.appcore.dll
0x00007ffb9c330000 - 0x00007ffb9c33a000 	C:\Program Files\Java\jdk-16.0.2\bin\jimage.dll
0x00007ffb9fbe0000 - 0x00007ffb9fdc4000 	C:\WINDOWS\SYSTEM32\DBGHELP.DLL
0x00007ffb8eee0000 - 0x00007ffb8ef0c000 	C:\WINDOWS\SYSTEM32\dbgcore.DLL
0x00007ffba2760000 - 0x00007ffba27e3000 	C:\WINDOWS\System32\bcryptPrimitives.dll
0x00007ffb8a010000 - 0x00007ffb8a035000 	C:\Program Files\Java\jdk-16.0.2\bin\java.dll
0x00007ffba2e80000 - 0x00007ffba35bf000 	C:\WINDOWS\System32\SHELL32.dll
0x00007ffba04e0000 - 0x00007ffba0c70000 	C:\WINDOWS\SYSTEM32\windows.storage.dll
0x00007ffba2990000 - 0x00007ffba2ce5000 	C:\WINDOWS\System32\combase.dll
0x00007ffba18b0000 - 0x00007ffba18dc000 	C:\WINDOWS\SYSTEM32\Wldp.dll
0x00007ffba3fd0000 - 0x00007ffba407e000 	C:\WINDOWS\System32\SHCORE.dll
0x00007ffba46f0000 - 0x00007ffba4745000 	C:\WINDOWS\System32\shlwapi.dll
0x00007ffba1e00000 - 0x00007ffba1e1f000 	C:\WINDOWS\SYSTEM32\profapi.dll
0x00007ffb89ef0000 - 0x00007ffb89f09000 	C:\Program Files\Java\jdk-16.0.2\bin\net.dll
0x00007ffb92ae0000 - 0x00007ffb92be8000 	C:\WINDOWS\SYSTEM32\WINHTTP.dll
0x00007ffba15b0000 - 0x00007ffba161a000 	C:\WINDOWS\system32\mswsock.dll
0x00007ffb890e0000 - 0x00007ffb890f3000 	C:\Program Files\Java\jdk-16.0.2\bin\nio.dll
0x00007ffb883f0000 - 0x00007ffb88408000 	C:\Program Files\Java\jdk-16.0.2\bin\zip.dll
0x00007ffb9ab60000 - 0x00007ffb9ab70000 	C:\Program Files\Java\jdk-16.0.2\bin\verify.dll
0x00007ffb95e30000 - 0x00007ffb95e3a000 	C:\Program Files\apache-maven-3.8.1\lib\jansi-native\windows64\jansi.dll

dbghelp: loaded successfully - version: 4.0.5 - missing functions: none
symbol engine: initialized successfully - sym options: 0x614 - pdb path: .;C:\Program Files\Java\jdk-16.0.2\bin;C:\WINDOWS\SYSTEM32;C:\WINDOWS\WinSxS\amd64_microsoft.windows.common-controls_6595b64144ccf1df_6.0.19041.1110_none_60b5254171f9507e;C:\Program Files\Java\jdk-16.0.2\bin\server;C:\Program Files\apache-maven-3.8.1\lib\jansi-native\windows64

VM Arguments:
jvm_args: -Dclassworlds.conf=C:\Program Files\apache-maven-3.8.1\bin\..\bin\m2.conf -Dmaven.home=C:\Program Files\apache-maven-3.8.1\bin\.. -Dlibrary.jansi.path=C:\Program Files\apache-maven-3.8.1\bin\..\lib\jansi-native -Dmaven.multiModuleProjectDirectory=C:\Users\LENOVO\OneDrive\Documentos\Curso MINTIC\Ciclo 4 Dev Web\Proyecto E-Commerce\Ms2-Products\DW3_GRUPO4_ECOMMERCE_MS_2 
java_command: org.codehaus.plexus.classworlds.launcher.Launcher spring-boot:run
java_class_path (initial): C:\Program Files\apache-maven-3.8.1\bin\..\boot\plexus-classworlds-2.6.0.jar
Launcher Type: SUN_STANDARD

[Global flags]
     intx CICompilerCount                          = 4                                         {product} {ergonomic}
     uint ConcGCThreads                            = 2                                         {product} {ergonomic}
     uint G1ConcRefinementThreads                  = 8                                         {product} {ergonomic}
   size_t G1HeapRegionSize                         = 1048576                                   {product} {ergonomic}
    uintx GCDrainStackTargetSize                   = 64                                        {product} {ergonomic}
   size_t InitialHeapSize                          = 100663296                                 {product} {ergonomic}
   size_t MarkStackSize                            = 4194304                                   {product} {ergonomic}
   size_t MaxHeapSize                              = 1595932672                                {product} {ergonomic}
   size_t MaxNewSize                               = 957349888                                 {product} {ergonomic}
   size_t MinHeapDeltaBytes                        = 1048576                                   {product} {ergonomic}
   size_t MinHeapSize                              = 8388608                                   {product} {ergonomic}
    uintx NonNMethodCodeHeapSize                   = 5839372                                {pd product} {ergonomic}
    uintx NonProfiledCodeHeapSize                  = 122909434                              {pd product} {ergonomic}
    uintx ProfiledCodeHeapSize                     = 122909434                              {pd product} {ergonomic}
    uintx ReservedCodeCacheSize                    = 251658240                              {pd product} {ergonomic}
     bool SegmentedCodeCache                       = true                                      {product} {ergonomic}
   size_t SoftMaxHeapSize                          = 1595932672                             {manageable} {ergonomic}
     bool UseCompressedClassPointers               = true                           {product lp64_product} {ergonomic}
     bool UseCompressedOops                        = true                           {product lp64_product} {ergonomic}
     bool UseG1GC                                  = true                                      {product} {ergonomic}
     bool UseLargePagesIndividualAllocation        = false                                  {pd product} {ergonomic}

Logging:
Log output configuration:
 #0: stdout all=warning uptime,level,tags
 #1: stderr all=off uptime,level,tags

Environment Variables:
JAVA_HOME=C:\Program Files\Java\jdk-16.0.2
PATH=C:\Program Files\Common Files\Oracle\Java\javapath;C:\Program Files (x86)\Common Files\Oracle\Java\javapath;C:\ProgramData\Oracle\Java\javapath;C:\WINDOWS\system32;C:\WINDOWS;C:\WINDOWS\System32\Wbem;C:\WINDOWS\System32\WindowsPowerShell\v1.0\;C:\WINDOWS\System32\OpenSSH\;C:\Program Files\PuTTY\;C:\Program Files\Git\cmd;C:\Program Files\nodejs\;C:\ProgramData\chocolatey\bin;C:\Program Files\apache-maven-3.8.1\bin;C:\Program Files\MySQL\MySQL Shell 8.0\bin\;C:\Users\LENOVO\AppData\Local\Microsoft\WindowsApps;;C:\Users\LENOVO\AppData\Local\Programs\Microsoft VS Code\bin;C:\Users\LENOVO\AppData\Roaming\npm
USERNAME=LENOVO
OS=Windows_NT
PROCESSOR_IDENTIFIER=AMD64 Family 23 Model 24 Stepping 1, AuthenticAMD



---------------  S Y S T E M  ---------------

OS:
 Windows 10 , 64 bit Build 19041 (10.0.19041.1151)
OS uptime: 7 days 9:30 hours

CPU: total 8 (initial active 8) (8 cores per cpu, 2 threads per core) family 23 model 24 stepping 1 microcode 0x0, cx8, cmov, fxsr, ht, mmx, 3dnowpref, sse, sse2, sse3, ssse3, sse4a, sse4.1, sse4.2, popcnt, lzcnt, tsc, tscinvbit, avx, avx2, aes, clmul, bmi1, bmi2, adx, sha, fma, vzeroupper, clflush, clflushopt

Memory: 4k page, system-wide physical 6082M (337M free)
TotalPageFile size 24514M (AvailPageFile size 57M)
current process WorkingSet (physical memory assigned to process): 233M, peak: 246M
current process commit charge ("private bytes"): 267M, peak: 383M

vm_info: Java HotSpot(TM) 64-Bit Server VM (16.0.2+7-67) for windows-amd64 JRE (16.0.2+7-67), built on Jun  8 2021 23:24:19 by "mach5one" with MS VC++ 16.7 (VS2019)

END.
